Start testing: Mar 05 19:45 Eastern Standard Time
----------------------------------------------------------
1/1 Testing: test-sorted-list
1/1 Test: test-sorted-list
Command: "C:/Users/Sasha/Desktop/302/personal_git_repository/ECE302_ASR/problem6/build/test-sorted-list.exe"
Directory: C:/Users/Sasha/Desktop/302/personal_git_repository/ECE302_ASR/problem6/build
"test-sorted-list" start time: Mar 05 19:45 Eastern Standard Time
Output:
----------------------------------------------------------
size: 0
size: 1
size: 0
getEntry(1): a
getEntry(2): b
getEntry(3): c
getEntry(4): d
getEntry(5): e
getEntry(6): f
getEntry(7): g
getEntry(8): h
getEntry(9): i
getEntry(10): j
getEntry(11): k
getEntry(12): l
getEntry(13): m
getEntry(14): n
getEntry(15): o
getEntry(16): p
getEntry(17): q
getEntry(18): r
getEntry(19): s
getEntry(20): t
getEntry(21): u
getEntry(22): v
getEntry(23): w
getEntry(24): x
getEntry(25): y
getEntry(26): z
===============================================================================
All tests passed (42 assertions in 6 test cases)

<end of output>
Test time =   0.12 sec
----------------------------------------------------------
Test Passed.
"test-sorted-list" end time: Mar 05 19:45 Eastern Standard Time
"test-sorted-list" time elapsed: 00:00:00
----------------------------------------------------------

End testing: Mar 05 19:45 Eastern Standard Time
